[debug] [2021-03-09T12:17:48.457Z] ----------------------------------------------------------------------
[debug] [2021-03-09T12:17:48.458Z] Command:       /usr/local/bin/node /usr/local/bin/firebase login
[debug] [2021-03-09T12:17:48.458Z] CLI Version:   9.5.0
[debug] [2021-03-09T12:17:48.458Z] Platform:      linux
[debug] [2021-03-09T12:17:48.458Z] Node Version:  v15.11.0
[debug] [2021-03-09T12:17:48.459Z] Time:          Tue Mar 09 2021 20:17:48 GMT+0800 (Singapore Standard Time)
[debug] [2021-03-09T12:17:48.459Z] ----------------------------------------------------------------------
[debug] [2021-03-09T12:17:48.459Z] 
[debug] [2021-03-09T12:17:48.461Z] >>> [apiv2][query] GET https://firebase-public.firebaseio.com/cli.json [none]
[info] i  Firebase optionally collects CLI usage and error reporting information to help improve our products. Data is collected in accordance with Google's privacy policy (https://policies.google.com/privacy) and is not used to identify you.
 
[info] i  To change your data collection preference at any time, run `firebase logout` and log in again. 
[info] 
[info] Visit this URL on this device to log in:
[info] https://accounts.google.com/o/oauth2/auth?client_id=563584335869-fgrhgmd47bqnekij5i8b5pr03ho849e6.apps.googleusercontent.com&scope=email%20openid%20https%3A%2F%2Fwww.googleapis.com%2Fauth%2Fcloudplatformprojects.readonly%20https%3A%2F%2Fwww.googleapis.com%2Fauth%2Ffirebase%20https%3A%2F%2Fwww.googleapis.com%2Fauth%2Fcloud-platform&response_type=code&state=97143343&redirect_uri=http%3A%2F%2Flocalhost%3A9005
[info] 
[info] Waiting for authentication...
[debug] [2021-03-09T12:17:51.453Z] Error: spawn cmd.exe ENOENT
    at Process.ChildProcess._handle.onexit (node:internal/child_process:282:19)
    at onErrorNT (node:internal/child_process:480:16)
    at processTicksAndRejections (node:internal/process/task_queues:81:21)
[error] 
[error] Error: An unexpected error has occurred.
